2021-09-14 17:27:11 INFO  Main:15 - Test log4j
2021-09-14 18:13:16 INFO  PatientPage2:103 - Export Excel
2021-09-14 18:14:36 INFO  PatientPage2:103 - Export Excel
2021-09-14 18:18:09 INFO  PatientPage2:103 - Export Excel
2021-09-14 18:26:47 INFO  LoginPage:49 - Export Excel
2021-09-14 18:28:37 INFO  PatientPage2:237 - Image location to write: D:\IFI-Solution\Project\Covid_tracking\src\main\java\com\ifi\javacore\management\covid\image\1.jfif
2021-09-14 18:28:37 INFO  PatientPage2:244 - Images were written succesfully.
2021-09-14 18:28:37 INFO  PatientPage2:228 - Add patient: ID 17, Name: Emi Fukada
2021-09-14 18:28:37 INFO  PatientPage2:229 - Insert patient successful!
2021-09-14 18:32:44 INFO  LoginPage:49 - Export Excel
2021-09-14 18:35:50 INFO  LoginPage:49 - Export Excel
2021-09-14 18:35:59 INFO  LoginPage:49 - Export Excel
2021-09-14 18:36:09 INFO  LoginPage:49 - Export Excel
2021-09-14 18:36:19 INFO  LoginPage:49 - Export Excel
2021-09-14 18:36:29 INFO  LoginPage:49 - Export Excel
2021-09-14 18:36:39 INFO  LoginPage:49 - Export Excel
2021-09-14 18:36:49 INFO  LoginPage:49 - Export Excel
2021-09-14 18:36:59 INFO  LoginPage:49 - Export Excel
2021-09-14 18:37:09 INFO  LoginPage:49 - Export Excel
2021-09-14 18:37:19 INFO  LoginPage:49 - Export Excel
2021-09-14 18:37:29 INFO  LoginPage:49 - Export Excel
2021-09-14 18:37:39 INFO  LoginPage:49 - Export Excel
2021-09-14 18:37:49 INFO  LoginPage:49 - Export Excel
2021-09-14 18:37:59 INFO  LoginPage:49 - Export Excel
2021-09-14 18:38:09 INFO  LoginPage:49 - Export Excel
2021-09-14 18:38:19 INFO  LoginPage:49 - Export Excel
2021-09-14 18:38:29 INFO  LoginPage:49 - Export Excel
2021-09-14 18:38:39 INFO  LoginPage:49 - Export Excel
2021-09-14 18:38:49 INFO  LoginPage:49 - Export Excel
2021-09-14 18:38:59 INFO  LoginPage:49 - Export Excel
2021-09-14 18:39:09 INFO  LoginPage:49 - Export Excel
2021-09-14 18:39:25 INFO  LoginPage:49 - Export Excel
2021-09-14 18:39:34 INFO  LoginPage:49 - Export Excel
2021-09-14 18:39:44 INFO  LoginPage:49 - Export Excel
2021-09-14 18:39:54 INFO  LoginPage:49 - Export Excel
2021-09-14 18:40:04 INFO  LoginPage:49 - Export Excel
2021-09-14 18:40:14 INFO  LoginPage:49 - Export Excel
2021-09-14 18:40:24 INFO  LoginPage:49 - Export Excel
2021-09-14 18:40:34 INFO  LoginPage:49 - Export Excel
2021-09-14 18:40:44 INFO  LoginPage:49 - Export Excel
2021-09-14 18:40:54 INFO  LoginPage:49 - Export Excel
2021-09-14 18:41:04 INFO  LoginPage:49 - Export Excel
2021-09-14 18:41:14 INFO  LoginPage:49 - Export Excel
2021-09-14 18:41:24 INFO  LoginPage:49 - Export Excel
2021-09-14 18:41:34 INFO  LoginPage:49 - Export Excel
2021-09-14 18:41:44 INFO  LoginPage:49 - Export Excel
2021-09-14 18:41:54 INFO  LoginPage:49 - Export Excel
2021-09-14 18:42:04 INFO  LoginPage:49 - Export Excel
2021-09-14 18:42:13 INFO  PatientPage2:237 - Image location to write: D:\IFI-Solution\Project\Covid_tracking\src\main\java\com\ifi\javacore\management\covid\image\2.jfif
2021-09-14 18:42:13 INFO  PatientPage2:244 - Images were written succesfully.
2021-09-14 18:42:13 INFO  PatientPage2:228 - Add patient: ID 18, Name: Trấn Thành 100 Tỷ
2021-09-14 18:42:13 INFO  PatientPage2:229 - Insert patient successful!
2021-09-14 18:42:14 INFO  LoginPage:49 - Export Excel
2021-09-14 18:42:24 INFO  LoginPage:49 - Export Excel
2021-09-14 18:42:34 INFO  LoginPage:49 - Export Excel
2021-09-14 18:42:44 INFO  LoginPage:49 - Export Excel
2021-09-14 18:42:54 INFO  LoginPage:49 - Export Excel
2021-09-14 18:43:04 INFO  LoginPage:49 - Export Excel
2021-09-14 18:43:14 INFO  LoginPage:49 - Export Excel
2021-09-14 18:43:24 INFO  LoginPage:49 - Export Excel
2021-09-14 18:43:34 INFO  LoginPage:49 - Export Excel
2021-09-14 18:43:44 INFO  LoginPage:49 - Export Excel
2021-09-14 18:43:54 INFO  LoginPage:49 - Export Excel
2021-09-14 18:44:04 INFO  LoginPage:49 - Export Excel
2021-09-14 18:44:24 INFO  LoginPage:49 - Export Excel
2021-09-14 18:44:32 INFO  LoginPage:49 - Export Excel
2021-09-14 18:44:42 INFO  LoginPage:49 - Export Excel
2021-09-14 18:44:52 INFO  LoginPage:49 - Export Excel
2021-09-14 18:45:02 INFO  LoginPage:49 - Export Excel
2021-09-14 18:45:12 INFO  LoginPage:49 - Export Excel
2021-09-14 18:45:22 INFO  LoginPage:49 - Export Excel
2021-09-14 18:45:32 INFO  LoginPage:49 - Export Excel
2021-09-14 18:45:42 INFO  LoginPage:49 - Export Excel
2021-09-14 18:45:52 INFO  LoginPage:49 - Export Excel
2021-09-14 18:46:02 INFO  LoginPage:49 - Export Excel
2021-09-14 18:46:12 INFO  LoginPage:49 - Export Excel
2021-09-14 18:46:23 INFO  LoginPage:49 - Export Excel
2021-09-14 18:46:32 INFO  LoginPage:49 - Export Excel
2021-09-14 18:46:42 INFO  LoginPage:49 - Export Excel
2021-09-14 18:46:52 INFO  LoginPage:49 - Export Excel
2021-09-14 18:47:11 INFO  LoginPage:49 - Export Excel
2021-09-14 18:47:19 INFO  LoginPage:49 - Export Excel
2021-09-14 18:47:29 INFO  LoginPage:49 - Export Excel
2021-09-14 18:47:39 INFO  LoginPage:49 - Export Excel
2021-09-14 18:47:49 INFO  LoginPage:49 - Export Excel
2021-09-14 18:47:59 INFO  LoginPage:49 - Export Excel
2021-09-14 18:48:09 INFO  LoginPage:49 - Export Excel
2021-09-14 18:48:19 INFO  LoginPage:49 - Export Excel
2021-09-14 18:48:29 INFO  LoginPage:49 - Export Excel
2021-09-14 18:48:39 INFO  LoginPage:49 - Export Excel
2021-09-14 18:48:49 INFO  LoginPage:49 - Export Excel
2021-09-14 18:48:59 INFO  LoginPage:49 - Export Excel
2021-09-14 18:49:09 INFO  LoginPage:49 - Export Excel
2021-09-14 18:49:19 INFO  LoginPage:49 - Export Excel
2021-09-14 18:49:29 INFO  LoginPage:49 - Export Excel
2021-09-14 18:49:39 INFO  LoginPage:49 - Export Excel
2021-09-14 18:49:49 INFO  LoginPage:49 - Export Excel
2021-09-14 18:49:59 INFO  LoginPage:49 - Export Excel
2021-09-14 18:50:09 INFO  LoginPage:49 - Export Excel
2021-09-14 18:50:19 INFO  LoginPage:49 - Export Excel
2021-09-14 18:50:29 INFO  LoginPage:49 - Export Excel
2021-09-14 18:50:39 INFO  LoginPage:49 - Export Excel
2021-09-14 18:50:49 INFO  LoginPage:49 - Export Excel
2021-09-14 18:50:59 INFO  LoginPage:49 - Export Excel
2021-09-14 18:51:09 INFO  LoginPage:49 - Export Excel
2021-09-14 18:51:19 INFO  LoginPage:49 - Export Excel
2021-09-14 18:51:29 INFO  LoginPage:49 - Export Excel
2021-09-14 18:51:39 INFO  LoginPage:49 - Export Excel
2021-09-14 18:51:49 INFO  LoginPage:49 - Export Excel
2021-09-14 18:51:59 INFO  LoginPage:49 - Export Excel
2021-09-14 18:52:09 INFO  LoginPage:49 - Export Excel
2021-09-14 18:52:19 INFO  LoginPage:49 - Export Excel
2021-09-14 18:52:29 INFO  LoginPage:49 - Export Excel
2021-09-14 18:52:39 INFO  LoginPage:49 - Export Excel
2021-09-14 18:52:49 INFO  LoginPage:49 - Export Excel
2021-09-14 18:52:59 INFO  LoginPage:49 - Export Excel
2021-09-14 18:53:09 INFO  LoginPage:49 - Export Excel
2021-09-14 18:53:19 INFO  LoginPage:49 - Export Excel
2021-09-14 18:53:29 INFO  LoginPage:49 - Export Excel
2021-09-14 18:53:39 INFO  LoginPage:49 - Export Excel
2021-09-14 18:53:49 INFO  LoginPage:49 - Export Excel
2021-09-14 18:53:59 INFO  LoginPage:49 - Export Excel
2021-09-14 18:54:09 INFO  LoginPage:49 - Export Excel
2021-09-14 18:54:19 INFO  LoginPage:49 - Export Excel
2021-09-14 18:54:29 INFO  LoginPage:49 - Export Excel
2021-09-14 18:54:39 INFO  LoginPage:49 - Export Excel
2021-09-14 18:54:49 INFO  LoginPage:49 - Export Excel
2021-09-14 18:54:59 INFO  LoginPage:49 - Export Excel
2021-09-14 18:55:09 INFO  LoginPage:49 - Export Excel
2021-09-14 18:55:19 INFO  LoginPage:49 - Export Excel
2021-09-14 18:55:29 INFO  LoginPage:49 - Export Excel
2021-09-14 18:55:39 INFO  LoginPage:49 - Export Excel
2021-09-14 18:55:49 INFO  LoginPage:49 - Export Excel
2021-09-14 18:55:59 INFO  LoginPage:49 - Export Excel
2021-09-14 18:56:09 INFO  LoginPage:49 - Export Excel
2021-09-14 18:56:19 INFO  LoginPage:49 - Export Excel
2021-09-14 18:56:29 INFO  LoginPage:49 - Export Excel
2021-09-14 18:56:39 INFO  LoginPage:49 - Export Excel
2021-09-14 18:56:49 INFO  LoginPage:49 - Export Excel
2021-09-14 18:56:59 INFO  LoginPage:49 - Export Excel
2021-09-14 18:57:09 INFO  LoginPage:49 - Export Excel
2021-09-14 18:57:19 INFO  LoginPage:49 - Export Excel
2021-09-14 18:57:29 INFO  LoginPage:49 - Export Excel
2021-09-14 18:57:39 INFO  LoginPage:49 - Export Excel
2021-09-14 18:57:49 INFO  LoginPage:49 - Export Excel
2021-09-14 18:57:59 INFO  LoginPage:49 - Export Excel
2021-09-14 18:58:09 INFO  LoginPage:49 - Export Excel
2021-09-14 18:58:19 INFO  LoginPage:49 - Export Excel
2021-09-14 18:58:29 INFO  LoginPage:49 - Export Excel
2021-09-14 18:58:39 INFO  LoginPage:49 - Export Excel
2021-09-14 18:58:49 INFO  LoginPage:49 - Export Excel
2021-09-14 18:58:59 INFO  LoginPage:49 - Export Excel
2021-09-14 18:59:09 INFO  LoginPage:49 - Export Excel
2021-09-14 18:59:19 INFO  LoginPage:49 - Export Excel
2021-09-14 18:59:29 INFO  LoginPage:49 - Export Excel
2021-09-14 18:59:39 INFO  LoginPage:49 - Export Excel
2021-09-14 18:59:49 INFO  LoginPage:49 - Export Excel
2021-09-14 18:59:59 INFO  LoginPage:49 - Export Excel
2021-09-14 19:00:09 INFO  LoginPage:49 - Export Excel
2021-09-14 19:00:19 INFO  LoginPage:49 - Export Excel
2021-09-14 19:00:29 INFO  LoginPage:49 - Export Excel
2021-09-14 19:00:39 INFO  LoginPage:49 - Export Excel
2021-09-14 19:00:49 INFO  LoginPage:49 - Export Excel
2021-09-14 19:00:59 INFO  LoginPage:49 - Export Excel
2021-09-14 19:01:09 INFO  LoginPage:49 - Export Excel
2021-09-14 19:01:19 INFO  LoginPage:49 - Export Excel
2021-09-14 19:01:29 INFO  LoginPage:49 - Export Excel
2021-09-14 19:01:39 INFO  LoginPage:49 - Export Excel
2021-09-14 19:01:49 INFO  LoginPage:49 - Export Excel
2021-09-14 19:02:00 INFO  LoginPage:49 - Export Excel
2021-09-14 19:02:10 INFO  LoginPage:49 - Export Excel
2021-09-14 19:02:20 INFO  LoginPage:49 - Export Excel
2021-09-14 19:02:30 INFO  LoginPage:49 - Export Excel
2021-09-14 19:02:39 INFO  LoginPage:49 - Export Excel
2021-09-14 19:02:50 INFO  LoginPage:49 - Export Excel
2021-09-14 19:03:00 INFO  LoginPage:49 - Export Excel
2021-09-14 19:03:10 INFO  LoginPage:49 - Export Excel
2021-09-14 19:03:20 INFO  LoginPage:49 - Export Excel
2021-09-14 19:03:30 INFO  LoginPage:49 - Export Excel
2021-09-14 19:03:39 INFO  LoginPage:49 - Export Excel
2021-09-14 19:03:50 INFO  LoginPage:49 - Export Excel
2021-09-14 19:04:00 INFO  LoginPage:49 - Export Excel
2021-09-14 19:04:09 INFO  LoginPage:49 - Export Excel
2021-09-14 19:04:20 INFO  LoginPage:49 - Export Excel
2021-09-14 19:04:30 INFO  LoginPage:49 - Export Excel
2021-09-14 19:04:40 INFO  LoginPage:49 - Export Excel
2021-09-14 19:04:50 INFO  LoginPage:49 - Export Excel
2021-09-14 19:05:00 INFO  LoginPage:49 - Export Excel
2021-09-14 19:05:10 INFO  LoginPage:49 - Export Excel
2021-09-14 19:05:20 INFO  LoginPage:49 - Export Excel
2021-09-14 19:05:30 INFO  LoginPage:49 - Export Excel
2021-09-14 19:05:40 INFO  LoginPage:49 - Export Excel
2021-09-14 19:05:50 INFO  LoginPage:49 - Export Excel
2021-09-14 19:06:00 INFO  LoginPage:49 - Export Excel
2021-09-14 19:06:10 INFO  LoginPage:49 - Export Excel
2021-09-14 19:06:20 INFO  LoginPage:49 - Export Excel
2021-09-14 19:06:30 INFO  LoginPage:49 - Export Excel
2021-09-14 19:06:50 INFO  LoginPage:49 - Export Excel
2021-09-14 19:06:59 INFO  ApachePOIController:193 - Doing Export to word docx....
2021-09-14 19:06:59 INFO  ApachePOIController:210 - Wrote to file: D:\IFI-Solution\Project\Covid_tracking\src\main\java\com\ifi\javacore\management\covid\output\Julia_10_Info.docx
2021-09-14 19:06:59 INFO  LoginPage:49 - Export Excel
2021-09-14 19:07:09 INFO  LoginPage:49 - Export Excel
2021-09-14 19:07:19 INFO  LoginPage:49 - Export Excel
2021-09-14 19:07:29 INFO  LoginPage:49 - Export Excel
2021-09-14 19:07:39 INFO  LoginPage:49 - Export Excel
2021-09-14 19:07:49 INFO  LoginPage:49 - Export Excel
2021-09-14 19:07:59 INFO  LoginPage:49 - Export Excel
2021-09-14 19:08:09 INFO  LoginPage:49 - Export Excel
2021-09-14 19:08:19 INFO  LoginPage:49 - Export Excel
2021-09-14 19:08:29 INFO  LoginPage:49 - Export Excel
2021-09-14 19:08:39 INFO  LoginPage:49 - Export Excel
2021-09-14 19:08:49 INFO  LoginPage:49 - Export Excel
2021-09-14 19:08:59 INFO  LoginPage:49 - Export Excel
2021-09-14 19:09:09 INFO  LoginPage:49 - Export Excel
2021-09-14 19:09:19 INFO  LoginPage:49 - Export Excel
2021-09-14 19:09:29 INFO  LoginPage:49 - Export Excel
2021-09-14 19:09:39 INFO  LoginPage:49 - Export Excel
2021-09-14 19:09:49 INFO  LoginPage:49 - Export Excel
2021-09-14 19:09:59 INFO  LoginPage:49 - Export Excel
2021-09-14 19:10:09 INFO  LoginPage:49 - Export Excel
2021-09-14 19:10:19 INFO  LoginPage:49 - Export Excel
2021-09-14 19:10:29 INFO  LoginPage:49 - Export Excel
2021-09-14 19:10:39 INFO  LoginPage:49 - Export Excel
2021-09-14 19:10:49 INFO  LoginPage:49 - Export Excel
2021-09-14 19:10:59 INFO  LoginPage:49 - Export Excel
2021-09-14 19:11:09 INFO  LoginPage:49 - Export Excel
2021-09-14 19:11:19 INFO  LoginPage:49 - Export Excel
2021-09-14 19:11:29 INFO  LoginPage:49 - Export Excel
2021-09-14 19:11:39 INFO  LoginPage:49 - Export Excel
2021-09-14 19:11:49 INFO  LoginPage:49 - Export Excel
2021-09-14 19:11:59 INFO  LoginPage:49 - Export Excel
2021-09-14 19:12:09 INFO  LoginPage:49 - Export Excel
2021-09-14 19:12:19 INFO  LoginPage:49 - Export Excel
2021-09-14 19:12:29 INFO  LoginPage:49 - Export Excel
2021-09-14 19:12:39 INFO  LoginPage:49 - Export Excel
2021-09-14 19:12:49 INFO  LoginPage:49 - Export Excel
2021-09-14 19:12:59 INFO  LoginPage:49 - Export Excel
2021-09-14 19:13:09 INFO  LoginPage:49 - Export Excel
2021-09-14 19:13:19 INFO  LoginPage:49 - Export Excel
2021-09-14 19:13:29 INFO  LoginPage:49 - Export Excel
2021-09-14 19:13:39 INFO  LoginPage:49 - Export Excel
2021-09-14 19:13:49 INFO  LoginPage:49 - Export Excel
2021-09-14 19:13:59 INFO  LoginPage:49 - Export Excel
2021-09-14 19:14:09 INFO  LoginPage:49 - Export Excel
2021-09-14 19:14:19 INFO  LoginPage:49 - Export Excel
2021-09-14 19:14:29 INFO  LoginPage:49 - Export Excel
2021-09-14 19:14:39 INFO  LoginPage:49 - Export Excel
2021-09-14 19:14:49 INFO  LoginPage:49 - Export Excel
2021-09-14 19:14:59 INFO  LoginPage:49 - Export Excel
2021-09-14 19:15:09 INFO  LoginPage:49 - Export Excel
2021-09-14 19:15:19 INFO  LoginPage:49 - Export Excel
2021-09-14 19:15:29 INFO  LoginPage:49 - Export Excel
2021-09-14 19:15:39 INFO  LoginPage:49 - Export Excel
2021-09-14 19:15:49 INFO  LoginPage:49 - Export Excel
2021-09-14 19:15:59 INFO  LoginPage:49 - Export Excel
2021-09-14 19:16:09 INFO  LoginPage:49 - Export Excel
2021-09-14 19:16:19 INFO  LoginPage:49 - Export Excel
2021-09-14 19:16:29 INFO  LoginPage:49 - Export Excel
2021-09-14 19:16:39 INFO  LoginPage:49 - Export Excel
2021-09-14 19:16:49 INFO  LoginPage:49 - Export Excel
2021-09-14 19:16:59 INFO  LoginPage:49 - Export Excel
2021-09-14 19:17:09 INFO  LoginPage:49 - Export Excel
2021-09-14 19:17:19 INFO  LoginPage:49 - Export Excel
2021-09-14 19:17:29 INFO  LoginPage:49 - Export Excel
2021-09-14 19:17:39 INFO  LoginPage:49 - Export Excel
2021-09-14 19:17:49 INFO  LoginPage:49 - Export Excel
2021-09-14 19:17:59 INFO  LoginPage:49 - Export Excel
2021-09-14 19:18:09 INFO  LoginPage:49 - Export Excel
2021-09-14 19:18:19 INFO  LoginPage:49 - Export Excel
2021-09-14 19:18:29 INFO  LoginPage:49 - Export Excel
2021-09-14 19:18:39 INFO  LoginPage:49 - Export Excel
2021-09-14 19:18:51 INFO  LoginPage:49 - Export Excel
2021-09-14 19:19:00 INFO  LoginPage:49 - Export Excel
2021-09-14 19:19:01 INFO  ApachePOIController:191 - Doing Export to word docx....
2021-09-14 19:19:01 INFO  ApachePOIController:223 - Wrote to file: D:\IFI-Solution\Project\Covid_tracking\src\main\java\com\ifi\javacore\management\covid\output\Julia_10_Info.docx
2021-09-14 19:19:10 INFO  LoginPage:49 - Export Excel
2021-09-14 19:19:20 INFO  LoginPage:49 - Export Excel
2021-09-14 19:19:30 INFO  LoginPage:49 - Export Excel
2021-09-14 19:19:40 INFO  LoginPage:49 - Export Excel
2021-09-14 19:19:50 INFO  LoginPage:49 - Export Excel
2021-09-14 19:20:00 INFO  LoginPage:49 - Export Excel
2021-09-14 19:20:10 INFO  LoginPage:49 - Export Excel
2021-09-14 19:20:20 INFO  LoginPage:49 - Export Excel
2021-09-14 19:20:30 INFO  LoginPage:49 - Export Excel
2021-09-14 19:20:40 INFO  LoginPage:49 - Export Excel
2021-09-14 19:20:50 INFO  LoginPage:49 - Export Excel
2021-09-14 19:21:00 INFO  LoginPage:49 - Export Excel
2021-09-14 19:21:10 INFO  LoginPage:49 - Export Excel
2021-09-14 19:21:20 INFO  LoginPage:49 - Export Excel
2021-09-14 19:21:30 INFO  LoginPage:49 - Export Excel
2021-09-14 19:21:40 INFO  LoginPage:49 - Export Excel
2021-09-14 19:21:50 INFO  LoginPage:49 - Export Excel
2021-09-14 19:22:00 INFO  LoginPage:49 - Export Excel
2021-09-14 19:22:10 INFO  LoginPage:49 - Export Excel
2021-09-14 19:22:20 INFO  LoginPage:49 - Export Excel
2021-09-14 19:22:30 INFO  LoginPage:49 - Export Excel
2021-09-14 19:22:40 INFO  LoginPage:49 - Export Excel
2021-09-14 19:22:50 INFO  LoginPage:49 - Export Excel
2021-09-14 19:23:00 INFO  LoginPage:49 - Export Excel
2021-09-14 19:23:10 INFO  LoginPage:49 - Export Excel
2021-09-14 19:23:20 INFO  LoginPage:49 - Export Excel
2021-09-14 19:23:30 INFO  LoginPage:49 - Export Excel
2021-09-14 19:23:40 INFO  LoginPage:49 - Export Excel
2021-09-14 19:23:50 INFO  LoginPage:49 - Export Excel
2021-09-14 19:24:00 INFO  LoginPage:49 - Export Excel
2021-09-14 19:24:10 INFO  LoginPage:49 - Export Excel
2021-09-14 19:24:20 INFO  LoginPage:49 - Export Excel
2021-09-14 19:24:30 INFO  LoginPage:49 - Export Excel
2021-09-14 19:24:40 INFO  LoginPage:49 - Export Excel
2021-09-14 19:24:50 INFO  LoginPage:49 - Export Excel
2021-09-14 19:25:00 INFO  LoginPage:49 - Export Excel
2021-09-14 19:25:10 INFO  LoginPage:49 - Export Excel
2021-09-14 19:25:18 INFO  LoginPage:49 - Export Excel
2021-09-14 19:25:26 INFO  LoginPage:49 - Export Excel
2021-09-14 19:25:30 INFO  ApachePOIController:191 - Doing Export to word docx....
2021-09-14 19:25:31 INFO  ApachePOIController:223 - Wrote to file: D:\IFI-Solution\Project\Covid_tracking\src\main\java\com\ifi\javacore\management\covid\output\Quan_1_Info.docx
2021-09-14 19:25:36 INFO  LoginPage:49 - Export Excel
2021-09-14 19:25:46 INFO  LoginPage:49 - Export Excel
2021-09-14 19:25:56 INFO  LoginPage:49 - Export Excel
2021-09-14 19:26:05 INFO  LoginPage:49 - Export Excel
2021-09-14 19:26:15 INFO  LoginPage:49 - Export Excel
2021-09-14 19:26:25 INFO  LoginPage:49 - Export Excel
2021-09-14 19:26:35 INFO  LoginPage:49 - Export Excel
2021-09-14 19:26:46 INFO  LoginPage:49 - Export Excel
2021-09-14 19:26:55 INFO  LoginPage:49 - Export Excel
2021-09-14 19:27:05 INFO  LoginPage:49 - Export Excel
2021-09-14 19:27:15 INFO  LoginPage:49 - Export Excel
2021-09-14 19:27:25 INFO  LoginPage:49 - Export Excel
2021-09-14 19:27:35 INFO  LoginPage:49 - Export Excel
2021-09-14 19:27:45 INFO  LoginPage:49 - Export Excel
2021-09-14 19:27:55 INFO  LoginPage:49 - Export Excel
2021-09-14 19:28:05 INFO  LoginPage:49 - Export Excel
2021-09-14 19:28:15 INFO  LoginPage:49 - Export Excel
2021-09-14 19:28:25 INFO  LoginPage:49 - Export Excel
2021-09-14 19:28:35 INFO  LoginPage:49 - Export Excel
2021-09-14 19:28:45 INFO  LoginPage:49 - Export Excel
2021-09-14 19:28:55 INFO  LoginPage:49 - Export Excel
2021-09-14 19:29:05 INFO  LoginPage:49 - Export Excel
2021-09-14 19:29:16 INFO  LoginPage:49 - Export Excel
2021-09-14 19:29:25 INFO  LoginPage:49 - Export Excel
2021-09-14 19:29:35 INFO  LoginPage:49 - Export Excel
2021-09-14 19:29:45 INFO  LoginPage:49 - Export Excel
2021-09-14 19:29:55 INFO  LoginPage:49 - Export Excel
2021-09-14 19:30:05 INFO  LoginPage:49 - Export Excel
2021-09-14 19:30:15 INFO  LoginPage:49 - Export Excel
2021-09-14 19:30:25 INFO  LoginPage:49 - Export Excel
2021-09-14 19:30:35 INFO  LoginPage:49 - Export Excel
2021-09-14 19:30:45 INFO  LoginPage:49 - Export Excel
2021-09-14 19:30:52 INFO  PatientPage2:238 - Image location to write: D:\IFI-Solution\Project\Covid_tracking\src\main\java\com\ifi\javacore\management\covid\image\3.jfif
2021-09-14 19:30:52 INFO  PatientPage2:245 - Images were written succesfully.
2021-09-14 19:30:52 INFO  PatientPage2:229 - Add patient: ID 19, Name: Hoài Linh 14 Tỏi
2021-09-14 19:30:52 INFO  PatientPage2:230 - Insert patient successful!
2021-09-14 19:30:55 INFO  LoginPage:49 - Export Excel
2021-09-14 19:31:05 INFO  LoginPage:49 - Export Excel
2021-09-14 19:31:15 INFO  LoginPage:49 - Export Excel
2021-09-15 09:05:32 INFO  LoginPage:49 - Export Excel
2021-09-15 09:05:40 INFO  LoginPage:49 - Export Excel
2021-09-15 09:05:50 INFO  LoginPage:49 - Export Excel
2021-09-15 09:06:00 INFO  LoginPage:49 - Export Excel
2021-09-15 09:06:10 INFO  LoginPage:49 - Export Excel
2021-09-15 09:06:20 INFO  LoginPage:49 - Export Excel
2021-09-15 09:06:30 INFO  LoginPage:49 - Export Excel
2021-09-15 09:06:40 INFO  LoginPage:49 - Export Excel
2021-09-15 09:06:50 INFO  LoginPage:49 - Export Excel
2021-09-15 09:07:00 INFO  LoginPage:49 - Export Excel
2021-09-15 09:07:10 INFO  LoginPage:49 - Export Excel
2021-09-15 09:07:20 INFO  LoginPage:49 - Export Excel
2021-09-15 09:07:30 INFO  LoginPage:49 - Export Excel
2021-09-15 09:07:40 INFO  LoginPage:49 - Export Excel
2021-09-15 09:07:50 INFO  LoginPage:49 - Export Excel
2021-09-15 09:08:00 INFO  LoginPage:49 - Export Excel
2021-09-15 09:08:10 INFO  LoginPage:49 - Export Excel
2021-09-15 09:08:20 INFO  LoginPage:49 - Export Excel
2021-09-15 09:08:30 INFO  LoginPage:49 - Export Excel
2021-09-15 09:08:40 INFO  LoginPage:49 - Export Excel
2021-09-15 09:08:51 INFO  LoginPage:49 - Export Excel
2021-09-15 09:09:00 INFO  LoginPage:49 - Export Excel
2021-09-15 09:09:10 INFO  LoginPage:49 - Export Excel
2021-09-15 09:09:20 INFO  LoginPage:49 - Export Excel
2021-09-15 09:09:30 INFO  LoginPage:49 - Export Excel
2021-09-15 09:09:40 INFO  LoginPage:49 - Export Excel
2021-09-15 09:09:50 INFO  LoginPage:49 - Export Excel
2021-09-15 09:10:01 INFO  LoginPage:49 - Export Excel
2021-09-15 09:10:10 INFO  LoginPage:49 - Export Excel
2021-09-15 09:10:21 INFO  LoginPage:49 - Export Excel
2021-09-15 09:10:30 INFO  LoginPage:49 - Export Excel
2021-09-15 09:10:40 INFO  LoginPage:49 - Export Excel
2021-09-15 09:10:51 INFO  LoginPage:49 - Export Excel
2021-09-15 09:11:01 INFO  LoginPage:49 - Export Excel
2021-09-15 09:11:10 INFO  LoginPage:49 - Export Excel
2021-09-15 09:11:21 INFO  LoginPage:49 - Export Excel
2021-09-15 09:11:30 INFO  LoginPage:49 - Export Excel
2021-09-15 09:11:40 INFO  LoginPage:49 - Export Excel
2021-09-15 09:11:51 INFO  LoginPage:49 - Export Excel
2021-09-15 09:12:01 INFO  LoginPage:49 - Export Excel
2021-09-15 09:12:11 INFO  LoginPage:49 - Export Excel
2021-09-15 09:12:21 INFO  LoginPage:49 - Export Excel
2021-09-15 09:12:31 INFO  LoginPage:49 - Export Excel
2021-09-15 09:12:41 INFO  LoginPage:49 - Export Excel
2021-09-15 09:12:51 INFO  LoginPage:49 - Export Excel
2021-09-15 09:13:01 INFO  LoginPage:49 - Export Excel
2021-09-15 09:13:11 INFO  LoginPage:49 - Export Excel
2021-09-15 09:13:21 INFO  LoginPage:49 - Export Excel
2021-09-15 09:13:31 INFO  LoginPage:49 - Export Excel
2021-09-15 09:13:41 INFO  LoginPage:49 - Export Excel
2021-09-15 09:13:52 INFO  LoginPage:49 - Export Excel
2021-09-15 09:14:01 INFO  LoginPage:49 - Export Excel
2021-09-15 09:14:11 INFO  LoginPage:49 - Export Excel
2021-09-15 09:14:21 INFO  LoginPage:49 - Export Excel
2021-09-15 09:14:31 INFO  LoginPage:49 - Export Excel
2021-09-15 09:14:41 INFO  LoginPage:49 - Export Excel
2021-09-15 09:14:51 INFO  LoginPage:49 - Export Excel
2021-09-15 09:15:01 INFO  LoginPage:49 - Export Excel
2021-09-15 09:15:11 INFO  LoginPage:49 - Export Excel
2021-09-15 09:15:21 INFO  LoginPage:49 - Export Excel
2021-09-15 09:15:31 INFO  LoginPage:49 - Export Excel
2021-09-15 09:15:41 INFO  LoginPage:49 - Export Excel
2021-09-15 09:15:51 INFO  LoginPage:49 - Export Excel
2021-09-15 09:16:01 INFO  LoginPage:49 - Export Excel
2021-09-15 09:16:11 INFO  LoginPage:49 - Export Excel
2021-09-15 09:16:21 INFO  LoginPage:49 - Export Excel
2021-09-15 09:16:31 INFO  LoginPage:49 - Export Excel
2021-09-15 09:16:41 INFO  LoginPage:49 - Export Excel
2021-09-15 09:16:51 INFO  LoginPage:49 - Export Excel
2021-09-15 09:17:01 INFO  LoginPage:49 - Export Excel
2021-09-15 09:17:11 INFO  LoginPage:49 - Export Excel
2021-09-15 09:17:21 INFO  LoginPage:49 - Export Excel
2021-09-15 09:17:31 INFO  LoginPage:49 - Export Excel
2021-09-15 09:17:41 INFO  LoginPage:49 - Export Excel
2021-09-15 09:17:51 INFO  LoginPage:49 - Export Excel
2021-09-15 09:18:01 INFO  LoginPage:49 - Export Excel
2021-09-15 09:18:11 INFO  LoginPage:49 - Export Excel
2021-09-15 09:18:21 INFO  LoginPage:49 - Export Excel
2021-09-15 09:18:31 INFO  LoginPage:49 - Export Excel
2021-09-15 09:18:41 INFO  LoginPage:49 - Export Excel
2021-09-15 09:18:51 INFO  LoginPage:49 - Export Excel
2021-09-15 09:19:01 INFO  LoginPage:49 - Export Excel
2021-09-15 09:19:11 INFO  LoginPage:49 - Export Excel
2021-09-15 09:19:21 INFO  LoginPage:49 - Export Excel
2021-09-15 09:19:31 INFO  LoginPage:49 - Export Excel
2021-09-15 09:19:41 INFO  LoginPage:49 - Export Excel
2021-09-15 09:19:51 INFO  LoginPage:49 - Export Excel
2021-09-15 09:20:01 INFO  LoginPage:49 - Export Excel
2021-09-15 09:20:11 INFO  LoginPage:49 - Export Excel
2021-09-15 09:20:21 INFO  LoginPage:49 - Export Excel
2021-09-15 09:20:31 INFO  LoginPage:49 - Export Excel
2021-09-15 09:20:41 INFO  LoginPage:49 - Export Excel
2021-09-15 09:20:51 INFO  LoginPage:49 - Export Excel
2021-09-15 09:21:01 INFO  LoginPage:49 - Export Excel
2021-09-15 09:21:11 INFO  LoginPage:49 - Export Excel
2021-09-15 09:21:21 INFO  LoginPage:49 - Export Excel
2021-09-15 09:21:26 INFO  ApachePOIController:191 - Doing Export to word docx....
2021-09-15 09:21:26 INFO  ApachePOIController:223 - Wrote to file: D:\IFI-Solution\Project\Covid_tracking\src\main\java\com\ifi\javacore\management\covid\output\Emi Fukada_17_Info.docx
2021-09-15 09:21:30 INFO  ApachePOIController:191 - Doing Export to word docx....
2021-09-15 09:21:30 INFO  ApachePOIController:223 - Wrote to file: D:\IFI-Solution\Project\Covid_tracking\src\main\java\com\ifi\javacore\management\covid\output\Emi Fukada_17_Info.docx
2021-09-15 09:21:31 INFO  LoginPage:49 - Export Excel
2021-09-15 09:21:41 INFO  LoginPage:49 - Export Excel
2021-09-15 09:21:51 INFO  LoginPage:49 - Export Excel
2021-09-15 09:22:01 INFO  LoginPage:49 - Export Excel
2021-09-15 09:22:11 INFO  LoginPage:49 - Export Excel
2021-09-15 09:22:21 INFO  LoginPage:49 - Export Excel
2021-09-15 09:22:31 INFO  LoginPage:49 - Export Excel
2021-09-15 09:22:41 INFO  LoginPage:49 - Export Excel
2021-09-15 09:22:51 INFO  LoginPage:49 - Export Excel
2021-09-15 09:23:01 INFO  LoginPage:49 - Export Excel
2021-09-15 09:23:11 INFO  LoginPage:49 - Export Excel
2021-09-15 09:23:21 INFO  LoginPage:49 - Export Excel
2021-09-15 09:23:31 INFO  LoginPage:49 - Export Excel
2021-09-15 09:23:41 INFO  LoginPage:49 - Export Excel
2021-09-15 09:23:45 INFO  PatientPage2:238 - Image location to write: D:\IFI-Solution\Project\Covid_tracking\src\main\java\com\ifi\javacore\management\covid\image\2.jfif
2021-09-15 09:23:45 INFO  PatientPage2:245 - Images were written succesfully.
2021-09-15 09:23:45 INFO  PatientPage2:229 - Add patient: ID 20, Name: Thủy Tiên 172 tỏi
2021-09-15 09:23:45 INFO  PatientPage2:230 - Insert patient successful!
2021-09-15 09:23:51 INFO  LoginPage:49 - Export Excel
2021-09-15 09:24:01 INFO  LoginPage:49 - Export Excel
2021-09-15 09:24:11 INFO  LoginPage:49 - Export Excel
2021-09-15 09:24:21 INFO  LoginPage:49 - Export Excel
2021-09-15 09:24:31 INFO  LoginPage:49 - Export Excel
2021-09-15 09:24:41 INFO  LoginPage:49 - Export Excel
2021-09-15 09:24:51 INFO  LoginPage:49 - Export Excel
2021-09-15 09:25:02 INFO  LoginPage:49 - Export Excel
2021-09-15 09:25:11 INFO  LoginPage:49 - Export Excel
2021-09-15 09:25:21 INFO  LoginPage:49 - Export Excel
2021-09-15 09:25:31 INFO  LoginPage:49 - Export Excel
2021-09-15 09:25:41 INFO  LoginPage:49 - Export Excel
2021-09-15 09:25:51 INFO  LoginPage:49 - Export Excel
2021-09-15 09:26:01 INFO  LoginPage:49 - Export Excel
2021-09-15 09:26:11 INFO  LoginPage:49 - Export Excel
2021-09-15 09:26:22 INFO  LoginPage:49 - Export Excel
2021-09-15 09:26:31 INFO  LoginPage:49 - Export Excel
2021-09-15 09:26:41 INFO  LoginPage:49 - Export Excel
2021-09-15 09:26:51 INFO  LoginPage:49 - Export Excel
2021-09-15 09:27:01 INFO  LoginPage:49 - Export Excel
2021-09-15 09:27:11 INFO  LoginPage:49 - Export Excel
2021-09-15 09:27:21 INFO  LoginPage:49 - Export Excel
2021-09-15 09:27:31 INFO  LoginPage:49 - Export Excel
2021-09-15 09:27:41 INFO  LoginPage:49 - Export Excel
2021-09-15 09:27:51 INFO  LoginPage:49 - Export Excel
2021-09-15 09:28:01 INFO  LoginPage:49 - Export Excel
2021-09-15 09:28:11 INFO  LoginPage:49 - Export Excel
2021-09-15 09:28:21 INFO  LoginPage:49 - Export Excel
2021-09-15 09:28:31 INFO  LoginPage:49 - Export Excel
2021-09-15 09:28:41 INFO  LoginPage:49 - Export Excel
2021-09-15 09:28:51 INFO  LoginPage:49 - Export Excel
2021-09-15 09:29:01 INFO  LoginPage:49 - Export Excel
2021-09-15 09:29:11 INFO  LoginPage:49 - Export Excel
2021-09-15 09:29:21 INFO  LoginPage:49 - Export Excel
2021-09-15 09:29:31 INFO  LoginPage:49 - Export Excel
2021-09-15 09:29:41 INFO  LoginPage:49 - Export Excel
2021-09-15 09:29:51 INFO  LoginPage:49 - Export Excel
2021-09-15 09:30:01 INFO  LoginPage:49 - Export Excel
2021-09-15 09:30:11 INFO  LoginPage:49 - Export Excel
2021-09-15 09:30:21 INFO  LoginPage:49 - Export Excel
2021-09-15 09:30:31 INFO  LoginPage:49 - Export Excel
2021-09-15 09:30:41 INFO  LoginPage:49 - Export Excel
2021-09-15 09:30:51 INFO  LoginPage:49 - Export Excel
2021-09-15 09:31:01 INFO  LoginPage:49 - Export Excel
2021-09-15 09:31:11 INFO  LoginPage:49 - Export Excel
2021-09-15 09:31:21 INFO  LoginPage:49 - Export Excel
2021-09-15 09:31:31 INFO  LoginPage:49 - Export Excel
2021-09-15 09:31:41 INFO  LoginPage:49 - Export Excel
2021-09-15 09:31:51 INFO  LoginPage:49 - Export Excel
2021-09-15 09:32:01 INFO  LoginPage:49 - Export Excel
2021-09-15 09:32:11 INFO  LoginPage:49 - Export Excel
2021-09-15 09:32:22 INFO  LoginPage:49 - Export Excel
2021-09-15 09:32:31 INFO  LoginPage:49 - Export Excel
2021-09-15 09:32:42 INFO  LoginPage:49 - Export Excel
2021-09-15 09:32:51 INFO  LoginPage:49 - Export Excel
2021-09-15 09:33:01 INFO  LoginPage:49 - Export Excel
2021-09-15 09:33:12 INFO  LoginPage:49 - Export Excel
2021-09-15 09:33:21 INFO  LoginPage:49 - Export Excel
2021-09-15 09:33:31 INFO  LoginPage:49 - Export Excel
2021-09-15 09:33:41 INFO  LoginPage:49 - Export Excel
2021-09-15 09:33:51 INFO  LoginPage:49 - Export Excel
2021-09-15 09:34:01 INFO  LoginPage:49 - Export Excel
2021-09-15 09:34:11 INFO  LoginPage:49 - Export Excel
2021-09-15 09:34:22 INFO  LoginPage:49 - Export Excel
2021-09-15 09:34:32 INFO  LoginPage:49 - Export Excel
2021-09-15 09:34:42 INFO  LoginPage:49 - Export Excel
2021-09-15 09:34:51 INFO  LoginPage:49 - Export Excel
2021-09-15 09:35:01 INFO  LoginPage:49 - Export Excel
2021-09-15 09:35:11 INFO  LoginPage:49 - Export Excel
2021-09-15 09:35:21 INFO  LoginPage:49 - Export Excel
2021-09-15 09:35:32 INFO  LoginPage:49 - Export Excel
2021-09-15 09:35:41 INFO  LoginPage:49 - Export Excel
2021-09-15 09:35:51 INFO  LoginPage:49 - Export Excel
2021-09-15 09:36:01 INFO  LoginPage:49 - Export Excel
2021-09-15 09:36:12 INFO  LoginPage:49 - Export Excel
2021-09-15 09:36:22 INFO  LoginPage:49 - Export Excel
2021-09-15 09:36:32 INFO  LoginPage:49 - Export Excel
2021-09-15 09:36:42 INFO  LoginPage:49 - Export Excel
2021-09-15 09:36:52 INFO  LoginPage:49 - Export Excel
2021-09-15 09:37:02 INFO  LoginPage:49 - Export Excel
2021-09-15 09:37:12 INFO  LoginPage:49 - Export Excel
2021-09-15 09:37:22 INFO  LoginPage:49 - Export Excel
2021-09-15 09:37:32 INFO  LoginPage:49 - Export Excel
2021-09-15 09:37:42 INFO  LoginPage:49 - Export Excel
2021-09-15 09:37:52 INFO  LoginPage:49 - Export Excel
2021-09-15 09:38:02 INFO  LoginPage:49 - Export Excel
2021-09-15 09:38:12 INFO  LoginPage:49 - Export Excel
2021-09-15 09:38:22 INFO  LoginPage:49 - Export Excel
2021-09-15 09:38:32 INFO  LoginPage:49 - Export Excel
2021-09-15 09:38:42 INFO  LoginPage:49 - Export Excel
2021-09-15 09:38:52 INFO  LoginPage:49 - Export Excel
2021-09-15 09:39:02 INFO  LoginPage:49 - Export Excel
2021-09-15 09:39:12 INFO  LoginPage:49 - Export Excel
2021-09-15 09:39:22 INFO  LoginPage:49 - Export Excel
2021-09-15 09:39:32 INFO  LoginPage:49 - Export Excel
2021-09-15 09:39:42 INFO  LoginPage:49 - Export Excel
2021-09-15 09:39:52 INFO  LoginPage:49 - Export Excel
2021-09-15 09:40:02 INFO  LoginPage:49 - Export Excel
2021-09-15 09:40:12 INFO  LoginPage:49 - Export Excel
2021-09-15 09:40:22 INFO  LoginPage:49 - Export Excel
2021-09-15 09:40:32 INFO  LoginPage:49 - Export Excel
2021-09-15 09:40:42 INFO  LoginPage:49 - Export Excel
2021-09-15 09:40:52 INFO  LoginPage:49 - Export Excel
2021-09-15 09:41:02 INFO  LoginPage:49 - Export Excel
2021-09-15 09:41:12 INFO  LoginPage:49 - Export Excel
2021-09-15 09:41:22 INFO  LoginPage:49 - Export Excel
2021-09-15 09:41:32 INFO  LoginPage:49 - Export Excel
2021-09-15 09:41:42 INFO  LoginPage:49 - Export Excel
2021-09-15 09:41:52 INFO  LoginPage:49 - Export Excel
2021-09-15 09:42:02 INFO  LoginPage:49 - Export Excel
2021-09-15 09:42:12 INFO  LoginPage:49 - Export Excel
2021-09-15 09:42:22 INFO  LoginPage:49 - Export Excel
2021-09-15 09:42:32 INFO  LoginPage:49 - Export Excel
2021-09-15 09:42:42 INFO  LoginPage:49 - Export Excel
2021-09-15 09:42:52 INFO  LoginPage:49 - Export Excel
2021-09-15 09:43:02 INFO  LoginPage:49 - Export Excel
2021-09-15 09:43:12 INFO  LoginPage:49 - Export Excel
2021-09-15 09:43:22 INFO  LoginPage:49 - Export Excel
2021-09-15 09:43:32 INFO  LoginPage:49 - Export Excel
2021-09-15 09:43:42 INFO  LoginPage:49 - Export Excel
2021-09-15 09:43:52 INFO  LoginPage:49 - Export Excel
2021-09-15 09:44:02 INFO  LoginPage:49 - Export Excel
2021-09-15 09:44:12 INFO  LoginPage:49 - Export Excel
2021-09-15 09:44:22 INFO  LoginPage:49 - Export Excel
2021-09-15 09:44:32 INFO  LoginPage:49 - Export Excel
2021-09-15 09:44:42 INFO  LoginPage:49 - Export Excel
2021-09-15 09:44:52 INFO  LoginPage:49 - Export Excel
2021-09-15 09:45:02 INFO  LoginPage:49 - Export Excel
2021-09-15 09:45:12 INFO  LoginPage:49 - Export Excel
2021-09-15 09:45:22 INFO  LoginPage:49 - Export Excel
2021-09-15 09:45:32 INFO  LoginPage:49 - Export Excel
2021-09-15 09:45:42 INFO  LoginPage:49 - Export Excel
2021-09-15 09:45:52 INFO  LoginPage:49 - Export Excel
2021-09-15 09:46:02 INFO  LoginPage:49 - Export Excel
2021-09-15 09:46:12 INFO  LoginPage:49 - Export Excel
2021-09-15 09:46:22 INFO  LoginPage:49 - Export Excel
2021-09-15 09:46:32 INFO  LoginPage:49 - Export Excel
2021-09-15 09:46:42 INFO  LoginPage:49 - Export Excel
2021-09-15 09:46:52 INFO  LoginPage:49 - Export Excel
2021-09-15 09:47:02 INFO  LoginPage:49 - Export Excel
2021-09-15 09:47:12 INFO  LoginPage:49 - Export Excel
2021-09-15 09:47:22 INFO  LoginPage:49 - Export Excel
2021-09-15 09:47:32 INFO  LoginPage:49 - Export Excel
2021-09-15 09:47:42 INFO  LoginPage:49 - Export Excel
2021-09-15 09:47:52 INFO  LoginPage:49 - Export Excel
2021-09-15 09:48:02 INFO  LoginPage:49 - Export Excel
2021-09-15 09:48:12 INFO  LoginPage:49 - Export Excel
2021-09-15 09:48:22 INFO  LoginPage:49 - Export Excel
2021-09-15 09:48:32 INFO  LoginPage:49 - Export Excel
2021-09-15 09:48:42 INFO  LoginPage:49 - Export Excel
2021-09-15 09:48:52 INFO  LoginPage:49 - Export Excel
2021-09-15 09:49:02 INFO  LoginPage:49 - Export Excel
2021-09-15 09:49:12 INFO  LoginPage:49 - Export Excel
2021-09-15 09:49:22 INFO  LoginPage:49 - Export Excel
2021-09-15 09:49:32 INFO  LoginPage:49 - Export Excel
2021-09-15 09:49:42 INFO  LoginPage:49 - Export Excel
2021-09-15 09:49:52 INFO  LoginPage:49 - Export Excel
2021-09-15 09:50:02 INFO  LoginPage:49 - Export Excel
2021-09-15 09:50:12 INFO  LoginPage:49 - Export Excel
2021-09-15 15:56:30 INFO  PatientPage2:136 - Removing patient: ID 16, Name: Hương
2021-09-15 15:56:30 INFO  PatientPage2:137 - Remove successful!
2021-09-15 16:01:06 INFO  PatientPage2:136 - Removing patient: ID 16, Name: Hương
2021-09-15 16:01:06 INFO  PatientPage2:137 - Remove successful!
2021-09-15 16:03:00 INFO  PatientPage2:136 - Removing patient: ID 16, Name: Hương
2021-09-15 16:03:00 INFO  PatientPage2:137 - Remove successful!
2021-09-15 16:06:35 INFO  PatientPage2:136 - Removing patient: ID 16, Name: Hương
2021-09-15 16:06:35 INFO  PatientPage2:137 - Remove successful!
2021-09-15 16:06:48 INFO  PatientPage2:136 - Removing patient: ID 16, Name: Hương
2021-09-15 16:06:48 INFO  PatientPage2:137 - Remove successful!
2021-09-15 16:12:48 INFO  PatientPage2:138 - Removing patient: ID 16, Name: Hương
2021-09-15 16:12:48 INFO  PatientPage2:139 - Remove successful!
2021-09-15 16:13:05 INFO  PatientPage2:138 - Removing patient: ID 16, Name: Hương
2021-09-15 16:13:05 INFO  PatientPage2:139 - Remove successful!
2021-09-15 16:13:11 INFO  PatientPage2:138 - Removing patient: ID 16, Name: Hương
2021-09-15 16:13:11 INFO  PatientPage2:139 - Remove successful!
2021-09-15 16:13:51 INFO  PatientPage2:138 - Removing patient: ID 10, Name: Julia
2021-09-15 16:13:51 INFO  PatientPage2:139 - Remove successful!
2021-09-15 16:13:57 INFO  PatientPage2:138 - Removing patient: ID 16, Name: Hương
2021-09-15 16:13:57 INFO  PatientPage2:139 - Remove successful!
2021-09-15 16:16:30 INFO  PatientPage2:138 - Removing patient: ID 16, Name: Hương
2021-09-15 16:16:30 INFO  PatientPage2:139 - Remove successful!
2021-09-15 16:18:17 INFO  PatientPage2:136 - Removing patient: ID 16, Name: Hương
2021-09-15 16:18:17 INFO  PatientPage2:137 - Remove successful!
2021-09-15 16:18:45 INFO  PatientPage2:136 - Removing patient: ID 16, Name: Hương
2021-09-15 16:18:45 INFO  PatientPage2:137 - Remove successful!
2021-09-15 16:19:33 INFO  PatientPage2:137 - Removing patient: ID 16, Name: Hương
2021-09-15 16:19:33 INFO  PatientPage2:138 - Remove successful!
2021-09-15 16:25:33 INFO  PatientPage2:136 - Removing patient: ID 16, Name: Hương
2021-09-15 16:25:33 INFO  PatientPage2:137 - Remove successful!
2021-09-15 16:25:44 INFO  PatientPage2:137 - Removing patient: ID 16, Name: Hương
2021-09-15 16:25:44 INFO  PatientPage2:138 - Remove successful!
2021-09-15 16:26:42 INFO  PatientPage2:138 - Removing patient: ID 16, Name: Hương
2021-09-15 16:26:42 INFO  PatientPage2:139 - Remove successful!
2021-09-15 16:33:44 INFO  PatientPage2:138 - Removing patient: ID 16, Name: Hương
2021-09-15 16:33:44 INFO  PatientPage2:139 - Remove successful!
2021-09-15 16:36:36 INFO  PatientPage2:146 - Removing patient: ID 16, Name: Hương
2021-09-15 16:36:36 INFO  PatientPage2:147 - Remove successful!
2021-09-15 16:37:01 INFO  PatientPage2:146 - Removing patient: ID 16, Name: Hương
2021-09-15 16:37:01 INFO  PatientPage2:147 - Remove successful!
2021-09-15 16:37:05 INFO  PatientPage2:146 - Removing patient: ID 16, Name: Hương
2021-09-15 16:37:05 INFO  PatientPage2:147 - Remove successful!
2021-09-15 16:38:47 INFO  PatientPage2:146 - Removing patient: ID 16, Name: Hương
2021-09-15 16:38:47 INFO  PatientPage2:147 - Remove successful!
2021-09-15 16:38:51 INFO  PatientPage2:146 - Removing patient: ID 16, Name: Hương
2021-09-15 16:38:51 INFO  PatientPage2:147 - Remove successful!
2021-09-15 16:38:53 INFO  PatientPage2:146 - Removing patient: ID 16, Name: Hương
2021-09-15 16:38:53 INFO  PatientPage2:147 - Remove successful!
2021-09-15 16:40:06 INFO  PatientPage2:144 - Removing patient: ID 16, Name: Hương
2021-09-15 16:40:06 INFO  PatientPage2:145 - Remove successful!
2021-09-15 16:53:34 INFO  PatientPage2:146 - Removing patient: ID 16, Name: Hương
2021-09-15 16:53:34 INFO  PatientPage2:147 - Remove successful!
2021-09-15 16:54:30 INFO  PatientPage2:147 - Removing patient: ID 18, Name: Trấn Thành 100 Tỷ
2021-09-15 16:54:30 INFO  PatientPage2:148 - Remove successful!
2021-09-15 16:54:35 INFO  PatientPage2:147 - Removing patient: ID 18, Name: Trấn Thành 100 Tỷ
2021-09-15 16:54:35 INFO  PatientPage2:148 - Remove successful!
2021-09-15 16:58:41 INFO  ApachePOIController:191 - Doing Export to word docx....
2021-09-15 16:58:42 INFO  ApachePOIController:223 - Wrote to file: D:\IFI-Solution\Project\Covid_tracking\src\main\java\com\ifi\javacore\management\covid\output\Emi Fukada_17_Info.docx
2021-09-15 16:59:04 INFO  ApachePOIController:191 - Doing Export to word docx....
2021-09-15 16:59:04 INFO  ApachePOIController:223 - Wrote to file: D:\IFI-Solution\Project\Covid_tracking\src\main\java\com\ifi\javacore\management\covid\output\Emi Fukada_17_Info.docx
2021-09-15 17:41:01 INFO  Detail:322 - Image location to write: D:\IFI-Solution\Project\Covid_tracking\src\main\java\com\ifi\javacore\management\covid\image\vc-mailing.png
2021-09-15 17:41:01 INFO  Detail:329 - Images were written succesfully.
2021-09-15 17:41:01 INFO  Detail:315 - Update patient: ID 10, Name: Juliaaaa
2021-09-15 17:44:19 INFO  PatientPage2:145 - Removing patient: ID 10, Name: Juliaaaa
2021-09-15 17:44:19 INFO  PatientPage2:146 - Remove successful!
2021-09-15 17:47:31 INFO  Detail:321 - Update patient: ID 1, Name: Yui Shinoda
2021-09-15 17:47:33 INFO  Detail:321 - Update patient: ID 1, Name: Yui Shinoda
2021-09-15 17:48:40 INFO  Detail:321 - Update patient: ID 1, Name: Yui Shinodaaa
2021-09-15 17:48:44 INFO  Detail:321 - Update patient: ID 1, Name: Yui Shinodaaa
2021-09-15 17:50:05 INFO  Detail:321 - Update patient: ID 1, Name: Yui Shinoda
2021-09-15 17:50:09 INFO  Detail:321 - Update patient: ID 1, Name: Yui Shinodaaaa
2021-09-15 17:50:13 INFO  Detail:321 - Update patient: ID 1, Name: Yui Shinoda
2021-09-15 18:52:02 INFO  Detail:329 - Update patient: ID 1, Name: Yui Shinoda
2021-09-15 18:52:11 INFO  Detail:329 - Update patient: ID 1, Name: Yui Shinoda
2021-09-15 18:57:13 INFO  Detail:336 - Update patient: ID 10, Name: null
2021-09-15 18:57:32 INFO  Detail:336 - Update patient: ID 10, Name: Julia
2021-09-15 18:59:26 INFO  Detail:333 - Update patient: ID 14, Name: Thoa Xây Dựng
2021-09-15 19:03:56 INFO  PatientPage2:256 - Image location to write: D:\IFI-Solution\Project\Covid_tracking\src\main\java\com\ifi\javacore\management\covid\image\yuishinoda.jfif
2021-09-15 19:03:56 INFO  PatientPage2:263 - Images were written succesfully.
2021-09-15 19:03:56 INFO  PatientPage2:247 - Add patient: ID 23, Name: Yui Shinoda2
2021-09-15 19:03:56 INFO  PatientPage2:248 - Insert patient successful!
2021-09-15 19:06:21 INFO  Detail:331 - Update patient: ID 10, Name: Julia
2021-09-15 19:06:34 INFO  Detail:331 - Update patient: ID 14, Name: Thoa Xây Dựng
